TN:
SF:Controllers/BooksControllers.js
FN:6,(anonymous_0)
FN:16,(anonymous_1)
FN:29,(anonymous_2)
FN:81,(anonymous_3)
FN:124,(anonymous_4)
FN:141,(anonymous_5)
FN:167,(anonymous_6)
FN:185,calculateAverageRating
FN:212,(anonymous_8)
FNF:9
FNH:7
FNDA:0,(anonymous_0)
FNDA:1,(anonymous_1)
FNDA:7,(anonymous_2)
FNDA:0,(anonymous_3)
FNDA:1,(anonymous_4)
FNDA:4,(anonymous_5)
FNDA:1,(anonymous_6)
FNDA:3,calculateAverageRating
FNDA:1,(anonymous_8)
DA:1,2
DA:2,2
DA:3,2
DA:6,2
DA:7,0
DA:8,0
DA:9,0
DA:11,0
DA:16,2
DA:17,1
DA:18,1
DA:20,1
DA:22,1
DA:24,0
DA:29,2
DA:30,7
DA:32,7
DA:33,0
DA:36,7
DA:37,0
DA:43,7
DA:44,7
DA:45,7
DA:47,0
DA:52,0
DA:56,7
DA:57,7
DA:60,7
DA:66,7
DA:72,7
DA:74,7
DA:76,0
DA:81,2
DA:82,0
DA:83,0
DA:84,0
DA:85,0
DA:86,0
DA:90,0
DA:91,0
DA:92,0
DA:94,0
DA:100,0
DA:102,0
DA:106,0
DA:108,0
DA:111,0
DA:116,0
DA:117,0
DA:119,0
DA:124,2
DA:125,1
DA:126,1
DA:127,1
DA:128,1
DA:129,0
DA:131,1
DA:132,1
DA:134,1
DA:136,0
DA:141,2
DA:142,4
DA:143,4
DA:144,4
DA:145,4
DA:148,4
DA:149,0
DA:159,4
DA:161,4
DA:162,0
DA:166,4
DA:167,1
DA:170,4
DA:171,1
DA:177,3
DA:182,3
DA:186,3
DA:187,0
DA:190,3
DA:192,3
DA:193,3
DA:196,3
DA:200,3
DA:203,3
DA:206,3
DA:208,0
DA:212,2
DA:213,1
DA:214,1
DA:221,1
DA:223,0
LF:91
LH:57
BRDA:20,0,0,0
BRDA:20,0,1,1
BRDA:32,1,0,0
BRDA:32,1,1,7
BRDA:36,2,0,0
BRDA:36,2,1,7
BRDA:43,3,0,7
BRDA:43,3,1,0
BRDA:84,4,0,0
BRDA:84,4,1,0
BRDA:85,5,0,0
BRDA:85,5,1,0
BRDA:90,6,0,0
BRDA:90,6,1,0
BRDA:127,7,0,0
BRDA:127,7,1,1
BRDA:128,8,0,0
BRDA:128,8,1,1
BRDA:148,9,0,0
BRDA:148,9,1,4
BRDA:148,10,0,4
BRDA:148,10,1,4
BRDA:148,10,2,4
BRDA:161,11,0,0
BRDA:161,11,1,4
BRDA:170,12,0,1
BRDA:170,12,1,3
BRDA:186,13,0,0
BRDA:186,13,1,3
BRDA:186,14,0,3
BRDA:186,14,1,3
BRF:31
BRH:16
end_of_record
TN:
SF:Controllers/UsersControllers.js
FN:7,(anonymous_0)
FN:29,(anonymous_1)
FNF:2
FNH:2
FNDA:2,(anonymous_0)
FNDA:4,(anonymous_1)
DA:1,2
DA:2,2
DA:3,2
DA:4,2
DA:5,2
DA:7,2
DA:8,2
DA:9,2
DA:10,2
DA:12,2
DA:19,2
DA:20,2
DA:22,1
DA:24,1
DA:25,0
DA:29,2
DA:30,4
DA:31,4
DA:32,4
DA:34,4
DA:35,4
DA:37,2
DA:38,2
DA:40,2
DA:47,0
DA:48,0
LF:26
LH:23
BRDA:10,0,0,0
BRDA:10,0,1,2
BRDA:10,1,0,2
BRDA:10,1,1,2
BRDA:24,2,0,1
BRDA:24,2,1,0
BRDA:32,3,0,0
BRDA:32,3,1,4
BRDA:32,4,0,4
BRDA:32,4,1,4
BRDA:35,5,0,2
BRDA:35,5,1,2
BRDA:38,6,0,0
BRDA:38,6,1,2
BRDA:47,7,0,0
BRDA:47,7,1,0
BRF:16
BRH:10
end_of_record
TN:
SF:Middleware/auth.js
FN:4,(anonymous_0)
FNF:1
FNH:1
FNDA:12,(anonymous_0)
DA:1,2
DA:2,2
DA:4,2
DA:5,12
DA:6,12
DA:7,12
DA:8,12
DA:10,12
DA:12,0
DA:14,12
LF:10
LH:9
BRF:0
BRH:0
end_of_record
TN:
SF:Middleware/errorHandler.js
FN:1,(anonymous_0)
FNF:1
FNH:1
FNDA:6,(anonymous_0)
DA:1,3
DA:3,6
DA:4,0
DA:5,0
DA:6,0
DA:9,6
DA:10,5
DA:18,1
LF:8
LH:5
BRDA:3,0,0,0
BRDA:3,0,1,6
BRDA:9,1,0,5
BRDA:9,1,1,1
BRF:4
BRH:3
end_of_record
TN:
SF:Middleware/multer-config.js
FN:11,(anonymous_0)
FNF:1
FNH:1
FNDA:7,(anonymous_0)
DA:1,2
DA:3,2
DA:9,2
DA:11,2
DA:12,7
DA:13,7
DA:15,0
DA:16,0
DA:20,2
LF:9
LH:7
BRDA:12,0,0,7
BRDA:12,0,1,0
BRF:2
BRH:1
end_of_record
TN:
SF:Models/BooksModels.js
FNF:0
FNH:0
DA:1,2
DA:3,2
DA:19,2
LF:3
LH:3
BRF:0
BRH:0
end_of_record
TN:
SF:Models/UsersModels.js
FNF:0
FNH:0
DA:1,2
DA:2,2
DA:4,2
DA:9,2
DA:11,2
LF:5
LH:5
BRF:0
BRH:0
end_of_record
TN:
SF:Routes/BooksRoutes.js
FN:7,(anonymous_0)
FNF:1
FNH:0
FNDA:0,(anonymous_0)
DA:1,2
DA:2,2
DA:3,2
DA:4,2
DA:5,2
DA:7,2
DA:8,0
DA:9,0
DA:29,2
DA:51,2
DA:72,2
DA:112,2
DA:145,2
DA:167,2
DA:199,2
DA:201,2
LF:16
LH:14
BRF:0
BRH:0
end_of_record
TN:
SF:Routes/UsersRoutes.js
FNF:0
FNH:0
DA:1,2
DA:2,2
DA:3,2
DA:91,2
DA:163,2
DA:165,2
LF:6
LH:6
BRF:0
BRH:0
end_of_record
