TN:
SF:controllers/book.controller.js
FN:5,(anonymous_0)
FN:15,(anonymous_1)
FN:25,(anonymous_2)
FN:39,(anonymous_3)
FN:54,(anonymous_4)
FN:64,(anonymous_5)
FN:78,(anonymous_6)
FNF:7
FNH:5
FNDA:0,(anonymous_0)
FNDA:1,(anonymous_1)
FNDA:7,(anonymous_2)
FNDA:0,(anonymous_3)
FNDA:1,(anonymous_4)
FNDA:4,(anonymous_5)
FNDA:1,(anonymous_6)
DA:1,2
DA:2,2
DA:5,2
DA:6,0
DA:7,0
DA:8,0
DA:10,0
DA:15,2
DA:16,1
DA:17,1
DA:18,1
DA:20,0
DA:25,2
DA:26,7
DA:27,7
DA:32,7
DA:34,0
DA:39,2
DA:40,0
DA:41,0
DA:47,0
DA:49,0
DA:54,2
DA:55,1
DA:56,1
DA:57,1
DA:59,0
DA:64,2
DA:65,4
DA:66,4
DA:71,3
DA:73,1
DA:78,2
DA:79,1
DA:80,1
DA:81,1
DA:83,0
LF:37
LH:25
BRF:0
BRH:0
end_of_record
TN:
SF:controllers/user.controller.js
FN:3,(anonymous_0)
FN:13,(anonymous_1)
FNF:2
FNH:2
FNDA:2,(anonymous_0)
FNDA:4,(anonymous_1)
DA:1,2
DA:3,2
DA:4,2
DA:5,2
DA:6,2
DA:7,1
DA:9,1
DA:13,2
DA:14,4
DA:15,4
DA:16,4
DA:17,2
DA:19,2
LF:13
LH:13
BRF:0
BRH:0
end_of_record
TN:
SF:models/book.model.js
FNF:0
FNH:0
DA:1,2
DA:2,2
DA:4,2
DA:31,2
DA:33,2
LF:5
LH:5
BRF:0
BRH:0
end_of_record
TN:
SF:models/user.model.js
FNF:0
FNH:0
DA:1,2
DA:2,2
DA:4,2
DA:21,2
DA:23,2
LF:5
LH:5
BRF:0
BRH:0
end_of_record
TN:
SF:routes/book.route.js
FNF:0
FNH:0
DA:1,2
DA:2,2
DA:5,2
DA:6,2
DA:7,2
DA:10,2
DA:16,2
DA:41,2
DA:61,2
DA:86,2
DA:126,2
DA:165,2
DA:193,2
DA:225,2
DA:227,2
LF:15
LH:15
BRF:0
BRH:0
end_of_record
TN:
SF:routes/user.route.js
FNF:0
FNH:0
DA:1,2
DA:2,2
DA:5,2
DA:8,2
DA:11,2
DA:99,2
DA:171,2
DA:173,2
LF:8
LH:8
BRF:0
BRH:0
end_of_record
